<?xml version="1.0" encoding="UTF-8"?>
<testsuite name="ChromeTest"
           tests="4"
           failures="1"
           errors="0"
           skipped="3"
           time="0.003">
  <properties />
            <testcase name="beforeTest" time="0.000" classname="com.coolead.util.TestSeleniumGrid">
                <failure type="org.openqa.selenium.remote.UnreachableBrowserException"
                  message="Could not start a new session. Possible causes are invalid address of the remote server or browser start-up failure.
Build info: version: &apos;2.53.0&apos;, revision: &apos;35ae25b&apos;, time: &apos;2016-03-15 16:57:40&apos;
System info: host: &apos;PC201701031452&apos;, ip: &apos;192.168.0.252&apos;, os.name: &apos;Windows 7&apos;, os.arch: &apos;amd64&apos;, os.version: &apos;6.1&apos;, java.version: &apos;1.8.0_71&apos;
Driver info: driver.version: GetDriver"
              >
<![CDATA[org.openqa.selenium.remote.UnreachableBrowserException: Could not start a new session. Possible causes are invalid address of the remote server or browser start-up failure.
Build info: version: '2.53.0', revision: '35ae25b', time: '2016-03-15 16:57:40'
System info: host: 'PC201701031452', ip: '192.168.0.252', os.name: 'Windows 7', os.arch: 'amd64', os.version: '6.1', java.version: '1.8.0_71'
Driver info: driver.version: GetDriver
  org.openqa.selenium.remote.RemoteWebDriver.execute(RemoteWebDriver.java:665)
  org.openqa.selenium.remote.RemoteWebDriver.startSession(RemoteWebDriver.java:249)
  org.openqa.selenium.remote.RemoteWebDriver.<init>(RemoteWebDriver.java:131)
  org.openqa.selenium.remote.RemoteWebDriver.<init>(RemoteWebDriver.java:158)
  com.coolead.util.GetDriver.getRemoteChromedriver(GetDriver.java:25)
  com.coolead.util.TestSeleniumGrid.beforeTest(TestSeleniumGrid.java:29)
  sun.reflect.NativeMethodAccessorImpl.invoke0(Native Method)
  sun.reflect.NativeMethodAccessorImpl.invoke(NativeMethodAccessorImpl.java:62)
  sun.reflect.DelegatingMethodAccessorImpl.invoke(DelegatingMethodAccessorImpl.java:43)
  java.lang.reflect.Method.invoke(Method.java:497)
  org.testng.internal.MethodInvocationHelper.invokeMethod(MethodInvocationHelper.java:85)
  org.testng.internal.Invoker.invokeConfigurationMethod(Invoker.java:510)
  org.testng.internal.Invoker.invokeConfigurations(Invoker.java:211)
  org.testng.internal.Invoker.invokeConfigurations(Invoker.java:138)
  org.testng.internal.TestMethodWorker.invokeBeforeClassMethods(TestMethodWorker.java:170)
  org.testng.internal.TestMethodWorker.run(TestMethodWorker.java:104)
  org.testng.TestRunner.privateRun(TestRunner.java:774)
  org.testng.TestRunner.run(TestRunner.java:624)
  org.testng.SuiteRunner.runTest(SuiteRunner.java:359)
  org.testng.SuiteRunner.runSequentially(SuiteRunner.java:354)
  org.testng.SuiteRunner.privateRun(SuiteRunner.java:312)
  org.testng.SuiteRunner.run(SuiteRunner.java:261)
  org.testng.SuiteRunnerWorker.runSuite(SuiteRunnerWorker.java:52)
  org.testng.SuiteRunnerWorker.run(SuiteRunnerWorker.java:86)
  org.testng.TestNG.runSuitesSequentially(TestNG.java:1215)
  org.testng.TestNG.runSuitesLocally(TestNG.java:1140)
  org.testng.TestNG.run(TestNG.java:1048)
  org.testng.remote.RemoteTestNG.run(RemoteTestNG.java:112)
  org.testng.remote.RemoteTestNG.initAndRun(RemoteTestNG.java:205)
  org.testng.remote.RemoteTestNG.main(RemoteTestNG.java:176)
Caused by: java.net.SocketTimeoutException: Read timed out
  java.net.SocketInputStream.socketRead0(Native Method)
  java.net.SocketInputStream.socketRead(SocketInputStream.java:116)
  java.net.SocketInputStream.read(SocketInputStream.java:170)
  java.net.SocketInputStream.read(SocketInputStream.java:141)
  org.apache.http.impl.conn.LoggingInputStream.read(LoggingInputStream.java:87)
  org.apache.http.impl.io.SessionInputBufferImpl.streamRead(SessionInputBufferImpl.java:139)
  org.apache.http.impl.io.SessionInputBufferImpl.fillBuffer(SessionInputBufferImpl.java:155)
  org.apache.http.impl.io.SessionInputBufferImpl.readLine(SessionInputBufferImpl.java:284)
  org.apache.http.impl.conn.DefaultHttpResponseParser.parseHead(DefaultHttpResponseParser.java:140)
  org.apache.http.impl.conn.DefaultHttpResponseParser.parseHead(DefaultHttpResponseParser.java:57)
  org.apache.http.impl.io.AbstractMessageParser.parse(AbstractMessageParser.java:261)
  org.apache.http.impl.DefaultBHttpClientConnection.receiveResponseHeader(DefaultBHttpClientConnection.java:165)
  org.apache.http.impl.conn.CPoolProxy.receiveResponseHeader(CPoolProxy.java:167)
  org.apache.http.protocol.HttpRequestExecutor.doReceiveResponse(HttpRequestExecutor.java:272)
  org.apache.http.protocol.HttpRequestExecutor.execute(HttpRequestExecutor.java:124)
  org.apache.http.impl.execchain.MainClientExec.execute(MainClientExec.java:271)
  org.apache.http.impl.execchain.ProtocolExec.execute(ProtocolExec.java:184)
  org.apache.http.impl.execchain.RetryExec.execute(RetryExec.java:88)
  org.apache.http.impl.execchain.RedirectExec.execute(RedirectExec.java:110)
  org.apache.http.impl.client.InternalHttpClient.doExecute(InternalHttpClient.java:184)
  org.apache.http.impl.client.CloseableHttpClient.execute(CloseableHttpClient.java:71)
  org.apache.http.impl.client.CloseableHttpClient.execute(CloseableHttpClient.java:55)
  org.openqa.selenium.remote.internal.ApacheHttpClient.fallBackExecute(ApacheHttpClient.java:144)
  org.openqa.selenium.remote.internal.ApacheHttpClient.execute(ApacheHttpClient.java:90)
  org.openqa.selenium.remote.HttpCommandExecutor.execute(HttpCommandExecutor.java:142)
  org.openqa.selenium.remote.RemoteWebDriver.execute(RemoteWebDriver.java:644)
  org.openqa.selenium.remote.RemoteWebDriver.startSession(RemoteWebDriver.java:249)
  org.openqa.selenium.remote.RemoteWebDriver.<init>(RemoteWebDriver.java:131)
  org.openqa.selenium.remote.RemoteWebDriver.<init>(RemoteWebDriver.java:158)
  com.coolead.util.GetDriver.getRemoteChromedriver(GetDriver.java:25)
  com.coolead.util.TestSeleniumGrid.beforeTest(TestSeleniumGrid.java:29)
  sun.reflect.NativeMethodAccessorImpl.invoke0(Native Method)
  sun.reflect.NativeMethodAccessorImpl.invoke(NativeMethodAccessorImpl.java:62)
  sun.reflect.DelegatingMethodAccessorImpl.invoke(DelegatingMethodAccessorImpl.java:43)
  java.lang.reflect.Method.invoke(Method.java:497)
  org.testng.internal.MethodInvocationHelper.invokeMethod(MethodInvocationHelper.java:85)
  org.testng.internal.Invoker.invokeConfigurationMethod(Invoker.java:510)
  org.testng.internal.Invoker.invokeConfigurations(Invoker.java:211)
  org.testng.internal.Invoker.invokeConfigurations(Invoker.java:138)
  org.testng.internal.TestMethodWorker.invokeBeforeClassMethods(TestMethodWorker.java:170)
  org.testng.internal.TestMethodWorker.run(TestMethodWorker.java:104)
  org.testng.TestRunner.privateRun(TestRunner.java:774)
  org.testng.TestRunner.run(TestRunner.java:624)
  org.testng.SuiteRunner.runTest(SuiteRunner.java:359)
  org.testng.SuiteRunner.runSequentially(SuiteRunner.java:354)
  org.testng.SuiteRunner.privateRun(SuiteRunner.java:312)
  org.testng.SuiteRunner.run(SuiteRunner.java:261)
  org.testng.SuiteRunnerWorker.runSuite(SuiteRunnerWorker.java:52)
  org.testng.SuiteRunnerWorker.run(SuiteRunnerWorker.java:86)
  org.testng.TestNG.runSuitesSequentially(TestNG.java:1215)
  org.testng.TestNG.runSuitesLocally(TestNG.java:1140)
  org.testng.TestNG.run(TestNG.java:1048)
  org.testng.remote.RemoteTestNG.run(RemoteTestNG.java:112)
  org.testng.remote.RemoteTestNG.initAndRun(RemoteTestNG.java:205)
  org.testng.remote.RemoteTestNG.main(RemoteTestNG.java:176)
]]>
      </failure>

          </testcase>
  
            <testcase name="afterTest" time="0.0" classname="com.coolead.util.TestSeleniumGrid">
          <skipped />
    </testcase>
            <testcase name="testSearch2" time="0.0" classname="com.coolead.util.TestSeleniumGrid">
          <skipped />
    </testcase>
            <testcase name="testSearch1" time="0.0" classname="com.coolead.util.TestSeleniumGrid">
          <skipped />
    </testcase>
  
  
</testsuite>
