<?xml version="1.0" encoding="UTF-8"?>
<testng-results skipped="0" failed="0" total="1" passed="1">
  <reporter-output>
  </reporter-output>
  <suite name="Default suite" duration-ms="25537" started-at="2017-03-17T02:03:02Z" finished-at="2017-03-17T02:03:27Z">
    <groups>
    </groups>
    <test name="Default test" duration-ms="25537" started-at="2017-03-17T02:03:02Z" finished-at="2017-03-17T02:03:27Z">
      <class name="com.bindo.test_scripts.Test_Login">
        <test-method status="PASS" signature="test_login()[pri:0, instance:com.bindo.test_scripts.Test_Login@5e5d171f]" name="test_login" duration-ms="25526" started-at="2017-03-17T10:03:02Z" finished-at="2017-03-17T10:03:27Z">
          <reporter-output>
          </reporter-output>
        </test-method> <!-- test_login -->
      </class> <!-- com.bindo.test_scripts.Test_Login -->
    </test> <!-- Default test -->
  </suite> <!-- Default suite -->
</testng-results>
